2025-11-07 15:36:46,368 [ERROR] Background removal failed: Background removal failed: There is no current event loop in thread 'AnyIO worker thread'.
2025-11-07 15:36:46,368 [WARNING] Client Error: Failed to process image
2025-11-07 15:45:57,896 [ERROR] Background removal failed: module 'signal' has no attribute 'SIGALRM'
2025-11-07 15:45:57,896 [WARNING] Client Error: Failed to process image
2025-11-07 15:47:48,156 [INFO] Background removed successfully: ID=9
2025-11-07 19:27:35,257 [INFO] Background removed successfully: ID=10
2025-11-07 19:39:54,790 [INFO] Background removed successfully: ID=11
2025-11-08 10:32:25,544 [INFO] Background removed successfully: ID=12
2025-11-08 10:33:53,488 [INFO] Background removed successfully: ID=13
2025-11-08 10:35:31,452 [INFO] Background removed successfully: ID=14
2025-11-08 10:38:24,129 [INFO] Background removed successfully: ID=15
2025-11-08 10:41:21,796 [INFO] Background removed successfully: ID=16
2025-11-08 10:43:25,734 [INFO] Background removed successfully: ID=17
2025-11-08 11:19:51,720 [INFO] Background removed successfully: ID=18
2025-11-08 11:37:19,887 [INFO] Background removed successfully: ID=19
2025-11-08 11:41:23,901 [ERROR] Background removal failed: Image processing exceeded time limit
2025-11-08 11:41:23,969 [WARNING] Client Error: Failed to process image
2025-11-08 11:43:08,901 [ERROR] Background removal failed: Image processing exceeded time limit
2025-11-08 11:43:08,901 [WARNING] Client Error: Failed to process image
2025-11-08 11:47:41,499 [ERROR] Background removal failed: Image processing exceeded time limit
2025-11-08 11:47:41,530 [WARNING] Client Error: Failed to process image
2025-11-08 11:52:51,891 [ERROR] Background removal failed: Image processing exceeded time limit
2025-11-08 11:52:51,901 [WARNING] Client Error: Failed to process image
2025-11-08 12:23:14,394 [INFO] Background removed successfully: ID=20
2025-11-08 12:28:33,566 [ERROR] Background removal failed: Image processing exceeded time limit
2025-11-08 12:28:33,610 [WARNING] Client Error: Failed to process image
2025-11-08 12:33:28,473 [ERROR] Unexpected server error in /remove-bg
Traceback (most recent call last):
  File "C:\Users\Dell\AppData\Local\Programs\Python\Python313\bg_remover\FastApi\main.py", line 154, in remove_background
    f.write(processed_bytes)
TypeError: a bytes-like object is required, not 'dict'
2025-11-08 12:37:20,943 [ERROR] Unexpected server error in /remove-bg
Traceback (most recent call last):
  File "C:\Users\Dell\AppData\Local\Programs\Python\Python313\bg_remover\FastApi\main.py", line 154, in remove_background
    f.write(processed_bytes)
TypeError: a bytes-like object is required, not 'dict'
2025-11-08 12:43:40,982 [INFO] Background removed successfully: ID=21
2025-11-08 12:48:14,777 [ERROR] Background removal diagnostic: {'hint': 'rembg may be stuck on complex background segmentation.', 'suggestion': 'Resize image below 1500px width before retrying.', 'timeout_seconds': 20}
2025-11-08 12:52:08,778 [INFO] Background removed successfully: ID=22
2025-11-08 13:00:15,170 [INFO] Background removed successfully: ID=23
2025-11-08 13:01:19,266 [INFO] Background removed successfully: ID=24
2025-11-08 13:08:11,979 [ERROR] Background removal failed: Background removal failed: new_session() got multiple values for argument 'model_name'
2025-11-08 13:08:12,024 [WARNING] Client Error: Failed to process image
2025-11-08 13:10:57,082 [ERROR] Background removal failed: Background removal failed: new_session() got multiple values for argument 'model_name'
2025-11-08 13:10:57,082 [WARNING] Client Error: Failed to process image
2025-11-08 13:13:40,521 [ERROR] Background removal diagnostic: {'hint': 'rembg may be stuck on complex background segmentation.', 'suggestion': 'Resize image below 1500px width before retrying.', 'timeout_seconds': 20}
2025-11-08 13:15:07,941 [INFO] Background removed successfully: ID=25
2025-11-08 13:17:59,572 [INFO] Background removed successfully: ID=26
2025-11-08 13:22:34,048 [INFO] Background removed successfully: ID=27
2025-11-08 13:26:48,136 [INFO] Background removed successfully: ID=28
2025-11-08 16:48:57,196 [INFO] Background removed successfully: ID=29
2025-11-08 16:54:00,630 [INFO] Background removed successfully: ID=30
2025-11-08 16:56:16,750 [INFO] Background removed successfully: ID=31
2025-11-08 16:57:58,058 [INFO] Background removed successfully: ID=32
2025-11-08 17:05:26,576 [ERROR] Background removal diagnostic: {'hint': 'rembg may be stuck on complex background segmentation.', 'suggestion': 'Resize image below 1500px width before retrying.', 'timeout_seconds': 30}
2025-11-08 17:08:12,785 [INFO] Background removed successfully: ID=33
2025-11-08 17:10:48,395 [INFO] Background removed successfully: ID=34
2025-11-08 17:15:25,761 [INFO] Background removed successfully: ID=35
2025-11-08 17:18:46,809 [INFO] Background removed successfully: ID=36
2025-11-08 17:21:57,578 [INFO] Background removed successfully: ID=37
2025-11-08 17:24:27,652 [INFO] Background removed successfully: ID=38
